<?xml version="1.0" encoding="UTF-8"?>
<testng-results ignored="0" total="10" passed="9" failed="1" skipped="0">
  <reporter-output>
  </reporter-output>
  <suite started-at="2022-01-20T21:41:14 WAT" name="Suite" finished-at="2022-01-20T21:43:26 WAT" duration-ms="132413">
    <groups>
    </groups>
    <test started-at="2022-01-20T21:41:14 WAT" name="Test" finished-at="2022-01-20T21:43:26 WAT" duration-ms="132413">
      <class name="testCases.Linktest">
        <test-method signature="link()[pri:0, instance:testCases.Linktest@65f87a2c]" started-at="2022-01-20T21:41:14 WAT" name="link" finished-at="2022-01-20T21:42:11 WAT" duration-ms="56944" status="PASS">
          <reporter-output>
          </reporter-output>
        </test-method> <!-- link -->
      </class> <!-- testCases.Linktest -->
      <class name="testCases.SigninTest">
        <test-method signature="signin()[pri:0, instance:testCases.SigninTest@6ce1f601]" started-at="2022-01-20T21:41:14 WAT" name="signin" finished-at="2022-01-20T21:42:01 WAT" duration-ms="47022" status="PASS">
          <reporter-output>
          </reporter-output>
        </test-method> <!-- signin -->
      </class> <!-- testCases.SigninTest -->
      <class name="testCases.InputboxTest">
        <test-method signature="inputbox()[pri:0, instance:testCases.InputboxTest@3d4d3fe7]" started-at="2022-01-20T21:41:14 WAT" name="inputbox" finished-at="2022-01-20T21:41:59 WAT" duration-ms="45080" status="PASS">
          <reporter-output>
          </reporter-output>
        </test-method> <!-- inputbox -->
      </class> <!-- testCases.InputboxTest -->
      <class name="testCases.NewGmailTest">
        <test-method signature="NewGmail()[pri:0, instance:testCases.NewGmailTest@6c451c9c]" started-at="2022-01-20T21:42:10 WAT" name="NewGmail" finished-at="2022-01-20T21:43:04 WAT" duration-ms="53407" status="PASS">
          <reporter-output>
          </reporter-output>
        </test-method> <!-- NewGmail -->
      </class> <!-- testCases.NewGmailTest -->
      <class name="testCases.PasswordMatchTest">
        <test-method signature="passwordMatch()[pri:0, instance:testCases.PasswordMatchTest@38875e7d]" started-at="2022-01-20T21:41:14 WAT" name="passwordMatch" finished-at="2022-01-20T21:42:10 WAT" duration-ms="56417" status="PASS">
          <reporter-output>
          </reporter-output>
        </test-method> <!-- passwordMatch -->
      </class> <!-- testCases.PasswordMatchTest -->
      <class name="testCases.WrongPasswordFormatTest">
        <test-method signature="WrongPasswordFormat()[pri:0, instance:testCases.WrongPasswordFormatTest@6e33c391]" started-at="2022-01-20T21:42:06 WAT" name="WrongPasswordFormat" finished-at="2022-01-20T21:43:26 WAT" duration-ms="80285" status="FAIL">
          <exception class="org.openqa.selenium.TimeoutException">
            <message>
              <![CDATA[Expected condition failed: waiting for visibility of element located by By.xpath: //div[@jsname="B34EJ"]/span (tried for 60 second(s) with 500 milliseconds interval)]]>
            </message>
            <full-stacktrace>
              <![CDATA[org.openqa.selenium.TimeoutException: Expected condition failed: waiting for visibility of element located by By.xpath: //div[@jsname="B34EJ"]/span (tried for 60 second(s) with 500 milliseconds interval)
at org.openqa.selenium.support.ui.WebDriverWait.timeoutException(WebDriverWait.java:95)
at org.openqa.selenium.support.ui.FluentWait.until(FluentWait.java:272)
at testCases.WrongPasswordFormatTest.WrongPasswordFormat(WrongPasswordFormatTest.java:32)
at java.base/jdk.internal.reflect.NativeMethodAccessorImpl.invoke0(Native Method)
at java.base/jdk.internal.reflect.NativeMethodAccessorImpl.invoke(NativeMethodAccessorImpl.java:62)
at java.base/jdk.internal.reflect.DelegatingMethodAccessorImpl.invoke(DelegatingMethodAccessorImpl.java:43)
at java.base/java.lang.reflect.Method.invoke(Method.java:566)
at org.testng.internal.MethodInvocationHelper.invokeMethod(MethodInvocationHelper.java:132)
at org.testng.internal.TestInvoker.invokeMethod(TestInvoker.java:599)
at org.testng.internal.TestInvoker.invokeTestMethod(TestInvoker.java:174)
at org.testng.internal.MethodRunner.runInSequence(MethodRunner.java:46)
at org.testng.internal.TestInvoker$MethodInvocationAgent.invoke(TestInvoker.java:822)
at org.testng.internal.TestInvoker.invokeTestMethods(TestInvoker.java:147)
at org.testng.internal.TestMethodWorker.invokeTestMethods(TestMethodWorker.java:146)
at org.testng.internal.TestMethodWorker.run(TestMethodWorker.java:128)
at java.base/java.util.concurrent.ThreadPoolExecutor.runWorker(ThreadPoolExecutor.java:1128)
at java.base/java.util.concurrent.ThreadPoolExecutor$Worker.run(ThreadPoolExecutor.java:628)
at java.base/java.lang.Thread.run(Thread.java:834)
Caused by: org.openqa.selenium.NoSuchElementException: no such element: Unable to locate element: {"method":"xpath","selector":"//div[@jsname="B34EJ"]/span"}
  (Session info: chrome=97.0.4692.99)
For documentation on this error, please visit: https://www.seleniumhq.org/exceptions/no_such_element.html
Build info: version: '3.141.59', revision: 'e82be7d358', time: '2018-11-14T08:17:03'
System info: host: 'HUGO-TECH-175', ip: '192.168.56.1', os.name: 'Windows 10', os.arch: 'amd64', os.version: '10.0', java.version: '11.0.13'
Driver info: org.openqa.selenium.chrome.ChromeDriver
Capabilities {acceptInsecureCerts: false, browserName: chrome, browserVersion: 97.0.4692.99, chrome: {chromedriverVersion: 97.0.4692.71 (adefa7837d02a..., userDataDir: C:\Users\HUGO-T~1\AppData\L...}, goog:chromeOptions: {debuggerAddress: localhost:61464}, javascriptEnabled: true, networkConnectionEnabled: false, pageLoadStrategy: normal, platform: WINDOWS, platformName: WINDOWS, proxy: Proxy(), setWindowRect: true, strictFileInteractability: false, timeouts: {implicit: 0, pageLoad: 300000, script: 30000}, unhandledPromptBehavior: dismiss and notify, webauthn:extension:credBlob: true, webauthn:extension:largeBlob: true, webauthn:virtualAuthenticators: true}
Session ID: db7ff6d44cc9e0b245405d25cf6e0e0d
*** Element info: {Using=xpath, value=//div[@jsname="B34EJ"]/span}
at java.base/jdk.internal.reflect.NativeConstructorAccessorImpl.newInstance0(Native Method)
at java.base/jdk.internal.reflect.NativeConstructorAccessorImpl.newInstance(NativeConstructorAccessorImpl.java:62)
at java.base/jdk.internal.reflect.DelegatingConstructorAccessorImpl.newInstance(DelegatingConstructorAccessorImpl.java:45)
at java.base/java.lang.reflect.Constructor.newInstance(Constructor.java:490)
at org.openqa.selenium.remote.http.W3CHttpResponseCodec.createException(W3CHttpResponseCodec.java:187)
at org.openqa.selenium.remote.http.W3CHttpResponseCodec.decode(W3CHttpResponseCodec.java:122)
at org.openqa.selenium.remote.http.W3CHttpResponseCodec.decode(W3CHttpResponseCodec.java:49)
at org.openqa.selenium.remote.HttpCommandExecutor.execute(HttpCommandExecutor.java:158)
at org.openqa.selenium.remote.service.DriverCommandExecutor.execute(DriverCommandExecutor.java:83)
at org.openqa.selenium.remote.RemoteWebDriver.execute(RemoteWebDriver.java:552)
at org.openqa.selenium.remote.RemoteWebDriver.findElement(RemoteWebDriver.java:323)
at org.openqa.selenium.remote.RemoteWebDriver.findElementByXPath(RemoteWebDriver.java:428)
at org.openqa.selenium.By$ByXPath.findElement(By.java:353)
at org.openqa.selenium.remote.RemoteWebDriver.findElement(RemoteWebDriver.java:315)
at org.openqa.selenium.support.ui.ExpectedConditions$7.apply(ExpectedConditions.java:205)
at org.openqa.selenium.support.ui.ExpectedConditions$7.apply(ExpectedConditions.java:201)
at org.openqa.selenium.support.ui.FluentWait.until(FluentWait.java:249)
... 16 more
]]>
            </full-stacktrace>
          </exception> <!-- org.openqa.selenium.TimeoutException -->
          <reporter-output>
          </reporter-output>
        </test-method> <!-- WrongPasswordFormat -->
      </class> <!-- testCases.WrongPasswordFormatTest -->
      <class name="testCases.NextButtonTest">
        <test-method signature="nextButton()[pri:0, instance:testCases.NextButtonTest@d816dde]" started-at="2022-01-20T21:42:01 WAT" name="nextButton" finished-at="2022-01-20T21:42:53 WAT" duration-ms="52512" status="PASS">
          <reporter-output>
          </reporter-output>
        </test-method> <!-- nextButton -->
      </class> <!-- testCases.NextButtonTest -->
      <class name="testCases.ShowPasswordTest">
        <test-method signature="showPassword()[pri:0, instance:testCases.ShowPasswordTest@51684e4a]" started-at="2022-01-20T21:41:14 WAT" name="showPassword" finished-at="2022-01-20T21:42:06 WAT" duration-ms="51897" status="PASS">
          <reporter-output>
          </reporter-output>
        </test-method> <!-- showPassword -->
      </class> <!-- testCases.ShowPasswordTest -->
      <class name="testCases.emailInputTest">
        <test-method signature="emailWrongInput()[pri:0, instance:testCases.emailInputTest@1e886a5b]" started-at="2022-01-20T21:41:59 WAT" name="emailWrongInput" finished-at="2022-01-20T21:42:44 WAT" duration-ms="44989" status="PASS">
          <reporter-output>
          </reporter-output>
        </test-method> <!-- emailWrongInput -->
      </class> <!-- testCases.emailInputTest -->
      <class name="testCases.PasswordMismatchTest">
        <test-method signature="passwordMismatch()[pri:0, instance:testCases.PasswordMismatchTest@31c269fd]" started-at="2022-01-20T21:42:11 WAT" name="passwordMismatch" finished-at="2022-01-20T21:42:30 WAT" duration-ms="18935" status="PASS">
          <reporter-output>
          </reporter-output>
        </test-method> <!-- passwordMismatch -->
      </class> <!-- testCases.PasswordMismatchTest -->
    </test> <!-- Test -->
  </suite> <!-- Suite -->
</testng-results>
